2026/05/05 10:37:27 [notice] 1#1: using the "epoll" event method
2026/05/05 10:37:27 [notice] 1#1: nginx/1.29.8
2026/05/05 10:37:27 [notice] 1#1: built by gcc 14.2.0 (Debian 14.2.0-19) 
2026/05/05 10:37:27 [notice] 1#1: OS: Linux 6.19.12-200.fc43.x86_64
2026/05/05 10:37:27 [notice] 1#1: getrlimit(RLIMIT_NOFILE): 1024:1048576
2026/05/05 10:37:27 [notice] 1#1: start worker processes
2026/05/05 10:37:27 [notice] 1#1: start worker process 28
2026/05/05 10:37:27 [notice] 1#1: start worker process 29
2026/05/05 10:37:27 [notice] 1#1: start worker process 30
2026/05/05 10:37:27 [notice] 1#1: start worker process 31
2026/05/05 10:37:38 [notice] 1#1: signal 3 (SIGQUIT) received, shutting down
2026/05/05 10:37:38 [notice] 28#28: gracefully shutting down
2026/05/05 10:37:38 [notice] 28#28: exiting
2026/05/05 10:37:38 [notice] 30#30: gracefully shutting down
2026/05/05 10:37:38 [notice] 28#28: exit
2026/05/05 10:37:38 [notice] 30#30: exiting
2026/05/05 10:37:38 [notice] 30#30: exit
2026/05/05 10:37:38 [notice] 29#29: gracefully shutting down
2026/05/05 10:37:38 [notice] 29#29: exiting
2026/05/05 10:37:38 [notice] 29#29: exit
2026/05/05 10:37:38 [notice] 31#31: gracefully shutting down
2026/05/05 10:37:38 [notice] 31#31: exiting
2026/05/05 10:37:38 [notice] 31#31: exit
2026/05/05 10:37:38 [notice] 1#1: signal 17 (SIGCHLD) received from 30
2026/05/05 10:37:38 [notice] 1#1: worker process 30 exited with code 0
2026/05/05 10:37:38 [notice] 1#1: signal 29 (SIGIO) received
2026/05/05 10:37:38 [notice] 1#1: signal 17 (SIGCHLD) received from 29
2026/05/05 10:37:38 [notice] 1#1: worker process 29 exited with code 0
2026/05/05 10:37:38 [notice] 1#1: signal 29 (SIGIO) received
2026/05/05 10:37:38 [notice] 1#1: signal 17 (SIGCHLD) received from 28
2026/05/05 10:37:38 [notice] 1#1: worker process 28 exited with code 0
2026/05/05 10:37:38 [notice] 1#1: worker process 31 exited with code 0
2026/05/05 10:37:38 [notice] 1#1: exit
2026/05/05 10:37:57 [notice] 1#1: using the "epoll" event method
2026/05/05 10:37:57 [notice] 1#1: nginx/1.29.8
2026/05/05 10:37:57 [notice] 1#1: built by gcc 14.2.0 (Debian 14.2.0-19) 
2026/05/05 10:37:57 [notice] 1#1: OS: Linux 6.19.12-200.fc43.x86_64
2026/05/05 10:37:57 [notice] 1#1: getrlimit(RLIMIT_NOFILE): 1024:1048576
2026/05/05 10:37:57 [notice] 1#1: start worker processes
2026/05/05 10:37:57 [notice] 1#1: start worker process 21
2026/05/05 10:37:57 [notice] 1#1: start worker process 22
2026/05/05 10:37:57 [notice] 1#1: start worker process 23
2026/05/05 10:37:57 [notice] 1#1: start worker process 24
2026/05/05 10:38:10 [error] 21#21: *2 open() "/usr/share/nginx/html/favicon.ico" failed (2: No such file or directory), client: 172.22.0.1, server: localhost, request: "GET /favicon.ico HTTP/1.1", host: "localhost:8080", referrer: "http://localhost:8080/"
2026/05/05 10:44:54 [notice] 1#1: signal 3 (SIGQUIT) received, shutting down
2026/05/05 10:44:54 [notice] 21#21: gracefully shutting down
2026/05/05 10:44:54 [notice] 21#21: exiting
2026/05/05 10:44:54 [notice] 22#22: gracefully shutting down
2026/05/05 10:44:54 [notice] 21#21: exit
2026/05/05 10:44:54 [notice] 22#22: exiting
2026/05/05 10:44:54 [notice] 22#22: exit
2026/05/05 10:44:54 [notice] 23#23: gracefully shutting down
2026/05/05 10:44:54 [notice] 23#23: exiting
2026/05/05 10:44:54 [notice] 23#23: exit
2026/05/05 10:44:54 [notice] 24#24: gracefully shutting down
2026/05/05 10:44:54 [notice] 24#24: exiting
2026/05/05 10:44:54 [notice] 24#24: exit
2026/05/05 10:44:54 [notice] 1#1: signal 17 (SIGCHLD) received from 23
2026/05/05 10:44:54 [notice] 1#1: worker process 21 exited with code 0
2026/05/05 10:44:54 [notice] 1#1: worker process 23 exited with code 0
2026/05/05 10:44:54 [notice] 1#1: signal 29 (SIGIO) received
2026/05/05 10:44:54 [notice] 1#1: signal 17 (SIGCHLD) received from 24
2026/05/05 10:44:54 [notice] 1#1: worker process 24 exited with code 0
2026/05/05 10:44:54 [notice] 1#1: signal 17 (SIGCHLD) received from 22
2026/05/05 10:44:54 [notice] 1#1: worker process 22 exited with code 0
2026/05/05 10:44:54 [notice] 1#1: exit
2026/05/05 10:44:54 [notice] 1#1: using the "epoll" event method
2026/05/05 10:44:54 [notice] 1#1: nginx/1.29.8
2026/05/05 10:44:54 [notice] 1#1: built by gcc 14.2.0 (Debian 14.2.0-19) 
2026/05/05 10:44:54 [notice] 1#1: OS: Linux 6.19.12-200.fc43.x86_64
2026/05/05 10:44:54 [notice] 1#1: getrlimit(RLIMIT_NOFILE): 1024:1048576
2026/05/05 10:44:54 [notice] 1#1: start worker processes
2026/05/05 10:44:54 [notice] 1#1: start worker process 22
2026/05/05 10:44:54 [notice] 1#1: start worker process 23
2026/05/05 10:44:54 [notice] 1#1: start worker process 24
2026/05/05 10:44:54 [notice] 1#1: start worker process 25
